{"/home/travis/build/npmtest/node-npmtest-hexy/test.js":{"path":"/home/travis/build/npmtest/node-npmtest-hexy/test.js","s":{"1":2,"2":2,"3":2,"4":2,"5":2,"6":2,"7":2,"8":1,"9":2,"10":2,"11":1,"12":1,"13":1,"14":1,"15":2,"16":2,"17":2,"18":2,"19":1,"20":1,"21":2,"22":2,"23":2,"24":1,"25":1,"26":1,"27":1,"28":1,"29":1,"30":1,"31":1,"32":1,"33":1,"34":1,"35":1,"36":1,"37":1,"38":1,"39":2,"40":2,"41":1,"42":2,"43":2,"44":1,"45":2,"46":2,"47":1,"48":2,"49":2,"50":1,"51":1,"52":1,"53":1,"54":1},"b":{"1":[2,1,1,1],"2":[1,1,1,1],"3":[1,1],"4":[1,1],"5":[1,1],"6":[1,1],"7":[1,1],"8":[1,1],"9":[1,1],"10":[1,1,1],"11":[1,1],"12":[1,1],"13":[1,1],"14":[1,1],"15":[1,1],"16":[1,1],"17":[1,1]},"f":{"1":2,"2":2,"3":2,"4":2,"5":2,"6":1,"7":1,"8":1,"9":2,"10":2,"11":2,"12":2,"13":1},"fnMap":{"1":{"name":"(anonymous_1)","line":12,"loc":{"start":{"line":12,"column":1},"end":{"line":12,"column":13}}},"2":{"name":"(anonymous_2)","line":19,"loc":{"start":{"line":19,"column":5},"end":{"line":19,"column":17}}},"3":{"name":"(anonymous_3)","line":23,"loc":{"start":{"line":23,"column":24},"end":{"line":23,"column":36}}},"4":{"name":"(anonymous_4)","line":61,"loc":{"start":{"line":61,"column":5},"end":{"line":61,"column":17}}},"5":{"name":"(anonymous_5)","line":82,"loc":{"start":{"line":82,"column":5},"end":{"line":82,"column":17}}},"6":{"name":"(anonymous_6)","line":91,"loc":{"start":{"line":91,"column":77},"end":{"line":94,"column":10}}},"7":{"name":"(anonymous_7)","line":112,"loc":{"start":{"line":112,"column":83},"end":{"line":115,"column":10}},"skip":true},"8":{"name":"(anonymous_8)","line":123,"loc":{"start":{"line":123,"column":77},"end":{"line":126,"column":10}},"skip":true},"9":{"name":"(anonymous_9)","line":139,"loc":{"start":{"line":139,"column":12},"end":{"line":139,"column":40}},"skip":true},"10":{"name":"(anonymous_10)","line":147,"loc":{"start":{"line":147,"column":77},"end":{"line":150,"column":10}},"skip":true},"11":{"name":"(anonymous_11)","line":158,"loc":{"start":{"line":158,"column":83},"end":{"line":161,"column":10}},"skip":true},"12":{"name":"(anonymous_12)","line":169,"loc":{"start":{"line":169,"column":79},"end":{"line":172,"column":10}},"skip":true},"13":{"name":"(anonymous_13)","line":180,"loc":{"start":{"line":180,"column":75},"end":{"line":183,"column":10}},"skip":true}},"statementMap":{"1":{"start":{"line":12,"column":0},"end":{"line":195,"column":5}},"2":{"start":{"line":14,"column":4},"end":{"line":14,"column":14}},"3":{"start":{"line":19,"column":4},"end":{"line":56,"column":9}},"4":{"start":{"line":21,"column":8},"end":{"line":21,"column":19}},"5":{"start":{"line":23,"column":8},"end":{"line":35,"column":13}},"6":{"start":{"line":24,"column":12},"end":{"line":34,"column":13}},"7":{"start":{"line":25,"column":16},"end":{"line":28,"column":30}},"8":{"start":{"line":30,"column":16},"end":{"line":33,"column":27}},"9":{"start":{"line":37,"column":8},"end":{"line":39,"column":21}},"10":{"start":{"line":40,"column":8},"end":{"line":53,"column":9}},"11":{"start":{"line":43,"column":12},"end":{"line":46,"column":14}},"12":{"start":{"line":47,"column":12},"end":{"line":47,"column":18}},"13":{"start":{"line":50,"column":12},"end":{"line":51,"column":46}},"14":{"start":{"line":52,"column":12},"end":{"line":52,"column":18}},"15":{"start":{"line":55,"column":8},"end":{"line":55,"column":35}},"16":{"start":{"line":61,"column":4},"end":{"line":63,"column":9}},"17":{"start":{"line":62,"column":8},"end":{"line":62,"column":15}},"18":{"start":{"line":64,"column":4},"end":{"line":77,"column":5}},"19":{"start":{"line":70,"column":8},"end":{"line":70,"column":14}},"20":{"start":{"line":76,"column":8},"end":{"line":76,"column":14}},"21":{"start":{"line":82,"column":4},"end":{"line":84,"column":9}},"22":{"start":{"line":83,"column":8},"end":{"line":83,"column":15}},"23":{"start":{"line":85,"column":4},"end":{"line":194,"column":5}},"24":{"start":{"line":91,"column":8},"end":{"line":99,"column":10}},"25":{"start":{"line":98,"column":12},"end":{"line":98,"column":35}},"26":{"start":{"line":102,"column":8},"end":{"line":104,"column":63}},"27":{"start":{"line":105,"column":8},"end":{"line":105,"column":14}},"28":{"start":{"line":112,"column":8},"end":{"line":121,"column":10},"skip":true},"29":{"start":{"line":119,"column":12},"end":{"line":119,"column":55},"skip":true},"30":{"start":{"line":120,"column":12},"end":{"line":120,"column":48},"skip":true},"31":{"start":{"line":123,"column":8},"end":{"line":136,"column":10},"skip":true},"32":{"start":{"line":130,"column":12},"end":{"line":130,"column":76},"skip":true},"33":{"start":{"line":131,"column":12},"end":{"line":131,"column":73},"skip":true},"34":{"start":{"line":132,"column":12},"end":{"line":132,"column":74},"skip":true},"35":{"start":{"line":133,"column":12},"end":{"line":133,"column":79},"skip":true},"36":{"start":{"line":134,"column":12},"end":{"line":134,"column":25},"skip":true},"37":{"start":{"line":135,"column":12},"end":{"line":135,"column":45},"skip":true},"38":{"start":{"line":138,"column":8},"end":{"line":145,"column":14},"skip":true},"39":{"start":{"line":143,"column":16},"end":{"line":143,"column":29},"skip":true},"40":{"start":{"line":144,"column":16},"end":{"line":144,"column":55},"skip":true},"41":{"start":{"line":147,"column":8},"end":{"line":156,"column":10},"skip":true},"42":{"start":{"line":154,"column":12},"end":{"line":154,"column":25},"skip":true},"43":{"start":{"line":155,"column":12},"end":{"line":155,"column":45},"skip":true},"44":{"start":{"line":158,"column":8},"end":{"line":167,"column":10},"skip":true},"45":{"start":{"line":165,"column":12},"end":{"line":165,"column":25},"skip":true},"46":{"start":{"line":166,"column":12},"end":{"line":166,"column":48},"skip":true},"47":{"start":{"line":169,"column":8},"end":{"line":178,"column":10},"skip":true},"48":{"start":{"line":176,"column":12},"end":{"line":176,"column":25},"skip":true},"49":{"start":{"line":177,"column":12},"end":{"line":177,"column":46},"skip":true},"50":{"start":{"line":180,"column":8},"end":{"line":189,"column":10},"skip":true},"51":{"start":{"line":187,"column":12},"end":{"line":187,"column":94},"skip":true},"52":{"start":{"line":188,"column":12},"end":{"line":188,"column":48},"skip":true},"53":{"start":{"line":192,"column":8},"end":{"line":192,"column":35},"skip":true},"54":{"start":{"line":193,"column":8},"end":{"line":193,"column":14},"skip":true}},"branchMap":{"1":{"line":25,"type":"binary-expr","locations":[{"start":{"line":25,"column":23},"end":{"line":25,"column":62}},{"start":{"line":26,"column":20},"end":{"line":26,"column":70}},{"start":{"line":27,"column":20},"end":{"line":27,"column":71}},{"start":{"line":28,"column":20},"end":{"line":28,"column":29}}]},"2":{"line":30,"type":"binary-expr","locations":[{"start":{"line":30,"column":23},"end":{"line":30,"column":37}},{"start":{"line":31,"column":20},"end":{"line":31,"column":61}},{"start":{"line":32,"column":20},"end":{"line":32,"column":70}},{"start":{"line":33,"column":20},"end":{"line":33,"column":26}}]},"3":{"line":37,"type":"cond-expr","locations":[{"start":{"line":38,"column":14},"end":{"line":38,"column":20}},{"start":{"line":39,"column":14},"end":{"line":39,"column":20}}]},"4":{"line":40,"type":"switch","locations":[{"start":{"line":42,"column":8},"end":{"line":47,"column":18}},{"start":{"line":49,"column":8},"end":{"line":52,"column":18}}]},"5":{"line":44,"type":"binary-expr","locations":[{"start":{"line":44,"column":16},"end":{"line":44,"column":44}},{"start":{"line":44,"column":48},"end":{"line":44,"column":66}}]},"6":{"line":50,"type":"binary-expr","locations":[{"start":{"line":50,"column":21},"end":{"line":50,"column":49}},{"start":{"line":50,"column":53},"end":{"line":50,"column":72}}]},"7":{"line":64,"type":"switch","locations":[{"start":{"line":69,"column":4},"end":{"line":70,"column":14}},{"start":{"line":75,"column":4},"end":{"line":76,"column":14}}]},"8":{"line":85,"type":"switch","locations":[{"start":{"line":90,"column":4},"end":{"line":105,"column":14}},{"start":{"line":111,"column":4},"end":{"line":193,"column":14},"skip":true}]},"9":{"line":91,"type":"binary-expr","locations":[{"start":{"line":91,"column":42},"end":{"line":91,"column":73}},{"start":{"line":91,"column":77},"end":{"line":99,"column":9}}]},"10":{"line":102,"type":"binary-expr","locations":[{"start":{"line":102,"column":18},"end":{"line":102,"column":32}},{"start":{"line":103,"column":12},"end":{"line":103,"column":53}},{"start":{"line":104,"column":12},"end":{"line":104,"column":61}}]},"11":{"line":112,"type":"binary-expr","locations":[{"start":{"line":112,"column":45},"end":{"line":112,"column":79},"skip":true},{"start":{"line":112,"column":83},"end":{"line":121,"column":9},"skip":true}]},"12":{"line":123,"type":"binary-expr","locations":[{"start":{"line":123,"column":42},"end":{"line":123,"column":73},"skip":true},{"start":{"line":123,"column":77},"end":{"line":136,"column":9},"skip":true}]},"13":{"line":138,"type":"binary-expr","locations":[{"start":{"line":138,"column":48},"end":{"line":138,"column":85},"skip":true},{"start":{"line":139,"column":12},"end":{"line":145,"column":13},"skip":true}]},"14":{"line":147,"type":"binary-expr","locations":[{"start":{"line":147,"column":42},"end":{"line":147,"column":73},"skip":true},{"start":{"line":147,"column":77},"end":{"line":156,"column":9},"skip":true}]},"15":{"line":158,"type":"binary-expr","locations":[{"start":{"line":158,"column":45},"end":{"line":158,"column":79},"skip":true},{"start":{"line":158,"column":83},"end":{"line":167,"column":9},"skip":true}]},"16":{"line":169,"type":"binary-expr","locations":[{"start":{"line":169,"column":43},"end":{"line":169,"column":75},"skip":true},{"start":{"line":169,"column":79},"end":{"line":178,"column":9},"skip":true}]},"17":{"line":180,"type":"binary-expr","locations":[{"start":{"line":180,"column":41},"end":{"line":180,"column":71},"skip":true},{"start":{"line":180,"column":75},"end":{"line":189,"column":9},"skip":true}]}},"code":["/* istanbul instrument in package npmtest_hexy */","/*jslint","    bitwise: true,","    browser: true,","    maxerr: 8,","    maxlen: 96,","    node: true,","    nomen: true,","    regexp: true,","    stupid: true","*/","(function () {","    'use strict';","    var local;","","","","    // run shared js-env code - pre-init","    (function () {","        // init local","        local = {};","        // init modeJs","        local.modeJs = (function () {","            try {","                return typeof navigator.userAgent === 'string' &&","                    typeof document.querySelector('body') === 'object' &&","                    typeof XMLHttpRequest.prototype.open === 'function' &&","                    'browser';","            } catch (errorCaughtBrowser) {","                return module.exports &&","                    typeof process.versions.node === 'string' &&","                    typeof require('http').createServer === 'function' &&","                    'node';","            }","        }());","        // init global","        local.global = local.modeJs === 'browser'","            ? window","            : global;","        switch (local.modeJs) {","        // re-init local from window.local","        case 'browser':","            local = local.global.utility2.objectSetDefault(","                local.global.utility2_rollup || local.global.local,","                local.global.utility2","            );","            break;","        // re-init local from example.js","        case 'node':","            local = (local.global.utility2_rollup || require('utility2'))","                .requireExampleJsFromReadme();","            break;","        }","        // export local","        local.global.local = local;","    }());","","","","    // run shared js-env code - function","    (function () {","        return;","    }());","    switch (local.modeJs) {","","","","    // run browser js-env code - function","    case 'browser':","        break;","","","","    // run node js-env code - function","    case 'node':","        break;","    }","","","","    // run shared js-env code - post-init","    (function () {","        return;","    }());","    switch (local.modeJs) {","","","","    // run browser js-env code - post-init","    case 'browser':","        local.testCase_browser_nullCase = local.testCase_browser_nullCase || function (","            options,","            onError","        ) {","        /*","         * this function will test browsers's null-case handling-behavior-behavior","         */","            onError(null, options);","        };","","        // run tests","        local.nop(local.modeTest &&","            document.querySelector('#testRunButton1') &&","            document.querySelector('#testRunButton1').click());","        break;","","","","    // run node js-env code - post-init","    /* istanbul ignore next */","    case 'node':","        local.testCase_buildApidoc_default = local.testCase_buildApidoc_default || function (","            options,","            onError","        ) {","        /*","         * this function will test buildApidoc's default handling-behavior-behavior","         */","            options = { modulePathList: module.paths };","            local.buildApidoc(options, onError);","        };","","        local.testCase_buildApp_default = local.testCase_buildApp_default || function (","            options,","            onError","        ) {","        /*","         * this function will test buildApp's default handling-behavior-behavior","         */","            local.testCase_buildReadme_default(options, local.onErrorThrow);","            local.testCase_buildLib_default(options, local.onErrorThrow);","            local.testCase_buildTest_default(options, local.onErrorThrow);","            local.testCase_buildCustomOrg_default(options, local.onErrorThrow);","            options = [];","            local.buildApp(options, onError);","        };","","        local.testCase_buildCustomOrg_default = local.testCase_buildCustomOrg_default ||","            function (options, onError) {","            /*","             * this function will test buildCustomOrg's default handling-behavior","             */","                options = {};","                local.buildCustomOrg(options, onError);","            };","","        local.testCase_buildLib_default = local.testCase_buildLib_default || function (","            options,","            onError","        ) {","        /*","         * this function will test buildLib's default handling-behavior","         */","            options = {};","            local.buildLib(options, onError);","        };","","        local.testCase_buildReadme_default = local.testCase_buildReadme_default || function (","            options,","            onError","        ) {","        /*","         * this function will test buildReadme's default handling-behavior-behavior","         */","            options = {};","            local.buildReadme(options, onError);","        };","","        local.testCase_buildTest_default = local.testCase_buildTest_default || function (","            options,","            onError","        ) {","        /*","         * this function will test buildTest's default handling-behavior","         */","            options = {};","            local.buildTest(options, onError);","        };","","        local.testCase_webpage_default = local.testCase_webpage_default || function (","            options,","            onError","        ) {","        /*","         * this function will test webpage's default handling-behavior","         */","            options = { modeCoverageMerge: true, url: local.serverLocalHost + '?modeTest=1' };","            local.browserTest(options, onError);","        };","","        // run test-server","        local.testRunServer(local);","        break;","    }","}());",""],"l":{"12":2,"14":2,"19":2,"21":2,"23":2,"24":2,"25":2,"30":1,"37":2,"40":2,"43":1,"47":1,"50":1,"52":1,"55":2,"61":2,"62":2,"64":2,"70":1,"76":1,"82":2,"83":2,"85":2,"91":1,"98":1,"102":1,"105":1,"112":1,"119":1,"120":1,"123":1,"130":1,"131":1,"132":1,"133":1,"134":1,"135":1,"138":1,"143":2,"144":2,"147":1,"154":2,"155":2,"158":1,"165":2,"166":2,"169":1,"176":2,"177":2,"180":1,"187":1,"188":1,"192":1,"193":1}},"/home/travis/build/npmtest/node-npmtest-hexy/lib.npmtest_hexy.js":{"path":"/home/travis/build/npmtest/node-npmtest-hexy/lib.npmtest_hexy.js","s":{"1":2,"2":2,"3":2,"4":2,"5":2,"6":2,"7":2,"8":1,"9":2,"10":2,"11":2,"12":2,"13":1,"14":1,"15":1,"16":1},"b":{"1":[2,1,1,1],"2":[1,1,1,1],"3":[1,1],"4":[2,2],"5":[1,1]},"f":{"1":2,"2":2,"3":2},"fnMap":{"1":{"name":"(anonymous_1)","line":12,"loc":{"start":{"line":12,"column":1},"end":{"line":12,"column":13}}},"2":{"name":"(anonymous_2)","line":19,"loc":{"start":{"line":19,"column":5},"end":{"line":19,"column":17}}},"3":{"name":"(anonymous_3)","line":23,"loc":{"start":{"line":23,"column":24},"end":{"line":23,"column":36}}}},"statementMap":{"1":{"start":{"line":12,"column":0},"end":{"line":53,"column":5}},"2":{"start":{"line":14,"column":4},"end":{"line":14,"column":14}},"3":{"start":{"line":19,"column":4},"end":{"line":52,"column":9}},"4":{"start":{"line":21,"column":8},"end":{"line":21,"column":19}},"5":{"start":{"line":23,"column":8},"end":{"line":35,"column":13}},"6":{"start":{"line":24,"column":12},"end":{"line":34,"column":13}},"7":{"start":{"line":25,"column":16},"end":{"line":28,"column":30}},"8":{"start":{"line":30,"column":16},"end":{"line":33,"column":27}},"9":{"start":{"line":37,"column":8},"end":{"line":39,"column":21}},"10":{"start":{"line":41,"column":8},"end":{"line":41,"column":54}},"11":{"start":{"line":43,"column":8},"end":{"line":43,"column":49}},"12":{"start":{"line":45,"column":8},"end":{"line":51,"column":9}},"13":{"start":{"line":46,"column":12},"end":{"line":46,"column":55}},"14":{"start":{"line":48,"column":12},"end":{"line":48,"column":35}},"15":{"start":{"line":49,"column":12},"end":{"line":49,"column":49}},"16":{"start":{"line":50,"column":12},"end":{"line":50,"column":43}}},"branchMap":{"1":{"line":25,"type":"binary-expr","locations":[{"start":{"line":25,"column":23},"end":{"line":25,"column":62}},{"start":{"line":26,"column":20},"end":{"line":26,"column":70}},{"start":{"line":27,"column":20},"end":{"line":27,"column":71}},{"start":{"line":28,"column":20},"end":{"line":28,"column":29}}]},"2":{"line":30,"type":"binary-expr","locations":[{"start":{"line":30,"column":23},"end":{"line":30,"column":37}},{"start":{"line":31,"column":20},"end":{"line":31,"column":61}},{"start":{"line":32,"column":20},"end":{"line":32,"column":70}},{"start":{"line":33,"column":20},"end":{"line":33,"column":26}}]},"3":{"line":37,"type":"cond-expr","locations":[{"start":{"line":38,"column":14},"end":{"line":38,"column":20}},{"start":{"line":39,"column":14},"end":{"line":39,"column":20}}]},"4":{"line":41,"type":"binary-expr","locations":[{"start":{"line":41,"column":16},"end":{"line":41,"column":44}},{"start":{"line":41,"column":48},"end":{"line":41,"column":53}}]},"5":{"line":45,"type":"if","locations":[{"start":{"line":45,"column":8},"end":{"line":45,"column":8}},{"start":{"line":45,"column":8},"end":{"line":45,"column":8}}]}},"code":["/* istanbul instrument in package npmtest_hexy */","/*jslint","    bitwise: true,","    browser: true,","    maxerr: 8,","    maxlen: 96,","    node: true,","    nomen: true,","    regexp: true,","    stupid: true","*/","(function () {","    'use strict';","    var local;","","","","    // run shared js-env code - pre-init","    (function () {","        // init local","        local = {};","        // init modeJs","        local.modeJs = (function () {","            try {","                return typeof navigator.userAgent === 'string' &&","                    typeof document.querySelector('body') === 'object' &&","                    typeof XMLHttpRequest.prototype.open === 'function' &&","                    'browser';","            } catch (errorCaughtBrowser) {","                return module.exports &&","                    typeof process.versions.node === 'string' &&","                    typeof require('http').createServer === 'function' &&","                    'node';","            }","        }());","        // init global","        local.global = local.modeJs === 'browser'","            ? window","            : global;","        // init utility2_rollup","        local = local.global.utility2_rollup || local;","        // init lib","        local.local = local.npmtest_hexy = local;","        // init exports","        if (local.modeJs === 'browser') {","            local.global.utility2_npmtest_hexy = local;","        } else {","            module.exports = local;","            module.exports.__dirname = __dirname;","            module.exports.module = module;","        }","    }());","}());",""],"l":{"12":2,"14":2,"19":2,"21":2,"23":2,"24":2,"25":2,"30":1,"37":2,"41":2,"43":2,"45":2,"46":1,"48":1,"49":1,"50":1}},"/home/travis/build/npmtest/node-npmtest-hexy/example.js":{"path":"/home/travis/build/npmtest/node-npmtest-hexy/example.js","s":{"1":2,"2":2,"3":2,"4":2,"5":2,"6":2,"7":2,"8":1,"9":2,"10":2,"11":2,"12":2,"13":1,"14":2,"15":2,"16":2,"17":2,"18":2,"19":0,"20":2,"21":1,"22":1,"23":1,"24":1,"25":1,"26":0,"27":0,"28":1,"29":1,"30":2,"31":0,"32":0,"33":0,"34":1,"35":2,"36":2,"37":3,"38":3,"39":3,"40":3,"41":0,"42":3,"43":3,"44":3,"45":1,"46":3,"47":1,"48":1,"49":1,"50":1,"51":1,"52":1,"53":1,"54":1,"55":1,"56":1,"57":0,"58":1,"59":6,"60":6,"61":1,"62":2,"63":0,"64":2,"65":1,"66":1,"67":0,"68":0,"69":0,"70":0,"71":0,"72":0,"73":0,"74":0,"75":0,"76":0,"77":0,"78":0,"79":0,"80":0,"81":0,"82":0,"83":0},"b":{"1":[2,1,1,1],"2":[1,1,1,1],"3":[1,1],"4":[2,2],"5":[1,1],"6":[1,1],"7":[2,0],"8":[2,1,1,1,1,1],"9":[0,2,0],"10":[1,1],"11":[2,1,1],"12":[1,0],"13":[0,2],"14":[2,0,0,0,0,0,0],"15":[0,3],"16":[3,0],"17":[1,1],"18":[0,1],"19":[1,2,0,2],"20":[1,0],"21":[1,1],"22":[0,0],"23":[0,0],"24":[0,0],"25":[0,0],"26":[0,0],"27":[0,0],"28":[0,0]},"f":{"1":2,"2":2,"3":2,"4":2,"5":2,"6":2,"7":3,"8":3,"9":3,"10":1,"11":6,"12":0},"fnMap":{"1":{"name":"(anonymous_1)","line":26,"loc":{"start":{"line":26,"column":1},"end":{"line":26,"column":13}}},"2":{"name":"(anonymous_2)","line":33,"loc":{"start":{"line":33,"column":5},"end":{"line":33,"column":17}}},"3":{"name":"(anonymous_3)","line":37,"loc":{"start":{"line":37,"column":24},"end":{"line":37,"column":36}}},"4":{"name":"(anonymous_4)","line":69,"loc":{"start":{"line":69,"column":31},"end":{"line":69,"column":48}},"skip":true},"5":{"name":"(anonymous_5)","line":78,"loc":{"start":{"line":78,"column":26},"end":{"line":78,"column":45}},"skip":true},"6":{"name":"(anonymous_6)","line":123,"loc":{"start":{"line":123,"column":33},"end":{"line":123,"column":48}},"skip":true},"7":{"name":"(anonymous_7)","line":125,"loc":{"start":{"line":125,"column":27},"end":{"line":125,"column":39}},"skip":true},"8":{"name":"(anonymous_8)","line":133,"loc":{"start":{"line":133,"column":59},"end":{"line":133,"column":74}},"skip":true},"9":{"name":"(anonymous_9)","line":143,"loc":{"start":{"line":143,"column":45},"end":{"line":143,"column":62}},"skip":true},"10":{"name":"(anonymous_10)","line":144,"loc":{"start":{"line":144,"column":73},"end":{"line":144,"column":92}},"skip":true},"11":{"name":"(anonymous_11)","line":272,"loc":{"start":{"line":272,"column":51},"end":{"line":272,"column":77}},"skip":true},"12":{"name":"(anonymous_12)","line":315,"loc":{"start":{"line":315,"column":32},"end":{"line":315,"column":61}},"skip":true}},"statementMap":{"1":{"start":{"line":26,"column":0},"end":{"line":326,"column":5}},"2":{"start":{"line":28,"column":4},"end":{"line":28,"column":14}},"3":{"start":{"line":33,"column":4},"end":{"line":60,"column":9}},"4":{"start":{"line":35,"column":8},"end":{"line":35,"column":19}},"5":{"start":{"line":37,"column":8},"end":{"line":49,"column":13}},"6":{"start":{"line":38,"column":12},"end":{"line":48,"column":13}},"7":{"start":{"line":39,"column":16},"end":{"line":42,"column":30}},"8":{"start":{"line":44,"column":16},"end":{"line":47,"column":27}},"9":{"start":{"line":51,"column":8},"end":{"line":53,"column":21}},"10":{"start":{"line":55,"column":8},"end":{"line":57,"column":45}},"11":{"start":{"line":59,"column":8},"end":{"line":59,"column":35}},"12":{"start":{"line":61,"column":4},"end":{"line":325,"column":5}},"13":{"start":{"line":69,"column":8},"end":{"line":121,"column":10},"skip":true},"14":{"start":{"line":70,"column":12},"end":{"line":88,"column":13},"skip":true},"15":{"start":{"line":76,"column":16},"end":{"line":87,"column":19},"skip":true},"16":{"start":{"line":79,"column":20},"end":{"line":86,"column":21},"skip":true},"17":{"start":{"line":82,"column":24},"end":{"line":82,"column":43},"skip":true},"18":{"start":{"line":83,"column":24},"end":{"line":83,"column":30},"skip":true},"19":{"start":{"line":85,"column":24},"end":{"line":85,"column":49},"skip":true},"20":{"start":{"line":89,"column":12},"end":{"line":107,"column":13},"skip":true},"21":{"start":{"line":92,"column":16},"end":{"line":102,"column":17},"skip":true},"22":{"start":{"line":93,"column":20},"end":{"line":93,"column":86},"skip":true},"23":{"start":{"line":94,"column":20},"end":{"line":95,"column":45},"skip":true},"24":{"start":{"line":96,"column":20},"end":{"line":96,"column":42},"skip":true},"25":{"start":{"line":97,"column":20},"end":{"line":97,"column":48},"skip":true},"26":{"start":{"line":100,"column":20},"end":{"line":100,"column":85},"skip":true},"27":{"start":{"line":101,"column":20},"end":{"line":101,"column":96},"skip":true},"28":{"start":{"line":103,"column":16},"end":{"line":103,"column":22},"skip":true},"29":{"start":{"line":106,"column":16},"end":{"line":106,"column":22},"skip":true},"30":{"start":{"line":108,"column":12},"end":{"line":120,"column":13},"skip":true},"31":{"start":{"line":114,"column":16},"end":{"line":119,"column":17},"skip":true},"32":{"start":{"line":116,"column":20},"end":{"line":116,"column":78},"skip":true},"33":{"start":{"line":118,"column":20},"end":{"line":118,"column":47},"skip":true},"34":{"start":{"line":123,"column":8},"end":{"line":141,"column":11},"skip":true},"35":{"start":{"line":124,"column":12},"end":{"line":124,"column":54},"skip":true},"36":{"start":{"line":125,"column":12},"end":{"line":140,"column":14},"skip":true},"37":{"start":{"line":126,"column":16},"end":{"line":126,"column":28},"skip":true},"38":{"start":{"line":127,"column":16},"end":{"line":127,"column":69},"skip":true},"39":{"start":{"line":128,"column":16},"end":{"line":128,"column":75},"skip":true},"40":{"start":{"line":129,"column":16},"end":{"line":131,"column":17},"skip":true},"41":{"start":{"line":130,"column":20},"end":{"line":130,"column":27},"skip":true},"42":{"start":{"line":133,"column":16},"end":{"line":137,"column":36},"skip":true},"43":{"start":{"line":134,"column":20},"end":{"line":136,"column":55},"skip":true},"44":{"start":{"line":139,"column":16},"end":{"line":139,"column":57},"skip":true},"45":{"start":{"line":143,"column":8},"end":{"line":147,"column":11},"skip":true},"46":{"start":{"line":144,"column":12},"end":{"line":146,"column":15},"skip":true},"47":{"start":{"line":145,"column":16},"end":{"line":145,"column":70},"skip":true},"48":{"start":{"line":149,"column":8},"end":{"line":149,"column":31},"skip":true},"49":{"start":{"line":150,"column":8},"end":{"line":150,"column":14},"skip":true},"50":{"start":{"line":158,"column":8},"end":{"line":158,"column":31},"skip":true},"51":{"start":{"line":160,"column":8},"end":{"line":160,"column":33},"skip":true},"52":{"start":{"line":161,"column":8},"end":{"line":161,"column":37},"skip":true},"53":{"start":{"line":162,"column":8},"end":{"line":162,"column":35},"skip":true},"54":{"start":{"line":164,"column":8},"end":{"line":164,"column":50},"skip":true},"55":{"start":{"line":166,"column":8},"end":{"line":256,"column":2},"skip":true},"56":{"start":{"line":258,"column":8},"end":{"line":286,"column":9},"skip":true},"57":{"start":{"line":259,"column":12},"end":{"line":269,"column":14},"skip":true},"58":{"start":{"line":271,"column":12},"end":{"line":285,"column":19},"skip":true},"59":{"start":{"line":274,"column":20},"end":{"line":274,"column":35},"skip":true},"60":{"start":{"line":275,"column":20},"end":{"line":284,"column":21},"skip":true},"61":{"start":{"line":277,"column":24},"end":{"line":277,"column":64},"skip":true},"62":{"start":{"line":279,"column":24},"end":{"line":279,"column":40},"skip":true},"63":{"start":{"line":281,"column":24},"end":{"line":281,"column":40},"skip":true},"64":{"start":{"line":283,"column":24},"end":{"line":283,"column":39},"skip":true},"65":{"start":{"line":288,"column":8},"end":{"line":290,"column":9},"skip":true},"66":{"start":{"line":289,"column":12},"end":{"line":289,"column":18},"skip":true},"67":{"start":{"line":291,"column":8},"end":{"line":293,"column":54},"skip":true},"68":{"start":{"line":296,"column":8},"end":{"line":301,"column":37},"skip":true},"69":{"start":{"line":303,"column":8},"end":{"line":303,"column":82},"skip":true},"70":{"start":{"line":306,"column":8},"end":{"line":308,"column":9},"skip":true},"71":{"start":{"line":307,"column":12},"end":{"line":307,"column":82},"skip":true},"72":{"start":{"line":310,"column":8},"end":{"line":312,"column":9},"skip":true},"73":{"start":{"line":311,"column":12},"end":{"line":311,"column":18},"skip":true},"74":{"start":{"line":313,"column":8},"end":{"line":313,"column":54},"skip":true},"75":{"start":{"line":314,"column":8},"end":{"line":314,"column":69},"skip":true},"76":{"start":{"line":315,"column":8},"end":{"line":323,"column":36},"skip":true},"77":{"start":{"line":316,"column":12},"end":{"line":316,"column":61},"skip":true},"78":{"start":{"line":317,"column":12},"end":{"line":320,"column":13},"skip":true},"79":{"start":{"line":318,"column":16},"end":{"line":318,"column":75},"skip":true},"80":{"start":{"line":319,"column":16},"end":{"line":319,"column":23},"skip":true},"81":{"start":{"line":321,"column":12},"end":{"line":321,"column":38},"skip":true},"82":{"start":{"line":322,"column":12},"end":{"line":322,"column":27},"skip":true},"83":{"start":{"line":324,"column":8},"end":{"line":324,"column":14},"skip":true}},"branchMap":{"1":{"line":39,"type":"binary-expr","locations":[{"start":{"line":39,"column":23},"end":{"line":39,"column":62}},{"start":{"line":40,"column":20},"end":{"line":40,"column":70}},{"start":{"line":41,"column":20},"end":{"line":41,"column":71}},{"start":{"line":42,"column":20},"end":{"line":42,"column":29}}]},"2":{"line":44,"type":"binary-expr","locations":[{"start":{"line":44,"column":23},"end":{"line":44,"column":37}},{"start":{"line":45,"column":20},"end":{"line":45,"column":61}},{"start":{"line":46,"column":20},"end":{"line":46,"column":70}},{"start":{"line":47,"column":20},"end":{"line":47,"column":26}}]},"3":{"line":51,"type":"cond-expr","locations":[{"start":{"line":52,"column":14},"end":{"line":52,"column":20}},{"start":{"line":53,"column":14},"end":{"line":53,"column":20}}]},"4":{"line":55,"type":"binary-expr","locations":[{"start":{"line":55,"column":16},"end":{"line":55,"column":44}},{"start":{"line":55,"column":49},"end":{"line":57,"column":43}}]},"5":{"line":55,"type":"cond-expr","locations":[{"start":{"line":56,"column":14},"end":{"line":56,"column":48}},{"start":{"line":57,"column":14},"end":{"line":57,"column":43}}]},"6":{"line":61,"type":"switch","locations":[{"start":{"line":68,"column":4},"end":{"line":150,"column":14},"skip":true},{"start":{"line":156,"column":4},"end":{"line":324,"column":14},"skip":true}]},"7":{"line":70,"type":"if","locations":[{"start":{"line":70,"column":12},"end":{"line":70,"column":12},"skip":true},{"start":{"line":70,"column":12},"end":{"line":70,"column":12},"skip":true}]},"8":{"line":70,"type":"binary-expr","locations":[{"start":{"line":70,"column":16},"end":{"line":70,"column":22},"skip":true},{"start":{"line":70,"column":27},"end":{"line":70,"column":32},"skip":true},{"start":{"line":71,"column":20},"end":{"line":71,"column":39},"skip":true},{"start":{"line":72,"column":20},"end":{"line":72,"column":49},"skip":true},{"start":{"line":73,"column":20},"end":{"line":73,"column":58},"skip":true},{"start":{"line":74,"column":20},"end":{"line":74,"column":69},"skip":true}]},"9":{"line":79,"type":"switch","locations":[{"start":{"line":80,"column":20},"end":{"line":80,"column":33},"skip":true},{"start":{"line":81,"column":20},"end":{"line":83,"column":30},"skip":true},{"start":{"line":84,"column":20},"end":{"line":85,"column":49},"skip":true}]},"10":{"line":89,"type":"switch","locations":[{"start":{"line":90,"column":12},"end":{"line":103,"column":22},"skip":true},{"start":{"line":105,"column":12},"end":{"line":106,"column":22},"skip":true}]},"11":{"line":89,"type":"binary-expr","locations":[{"start":{"line":89,"column":20},"end":{"line":89,"column":25},"skip":true},{"start":{"line":89,"column":29},"end":{"line":89,"column":48},"skip":true},{"start":{"line":89,"column":52},"end":{"line":89,"column":74},"skip":true}]},"12":{"line":92,"type":"if","locations":[{"start":{"line":92,"column":16},"end":{"line":92,"column":16},"skip":true},{"start":{"line":92,"column":16},"end":{"line":92,"column":16},"skip":true}]},"13":{"line":108,"type":"if","locations":[{"start":{"line":108,"column":12},"end":{"line":108,"column":12},"skip":true},{"start":{"line":108,"column":12},"end":{"line":108,"column":12},"skip":true}]},"14":{"line":108,"type":"binary-expr","locations":[{"start":{"line":108,"column":16},"end":{"line":108,"column":61},"skip":true},{"start":{"line":108,"column":66},"end":{"line":108,"column":72},"skip":true},{"start":{"line":108,"column":77},"end":{"line":108,"column":82},"skip":true},{"start":{"line":109,"column":20},"end":{"line":109,"column":39},"skip":true},{"start":{"line":110,"column":20},"end":{"line":110,"column":49},"skip":true},{"start":{"line":111,"column":20},"end":{"line":111,"column":58},"skip":true},{"start":{"line":112,"column":20},"end":{"line":112,"column":68},"skip":true}]},"15":{"line":129,"type":"if","locations":[{"start":{"line":129,"column":16},"end":{"line":129,"column":16},"skip":true},{"start":{"line":129,"column":16},"end":{"line":129,"column":16},"skip":true}]},"16":{"line":134,"type":"cond-expr","locations":[{"start":{"line":135,"column":26},"end":{"line":135,"column":29},"skip":true},{"start":{"line":136,"column":26},"end":{"line":136,"column":54},"skip":true}]},"17":{"line":164,"type":"binary-expr","locations":[{"start":{"line":164,"column":27},"end":{"line":164,"column":43},"skip":true},{"start":{"line":164,"column":47},"end":{"line":164,"column":49},"skip":true}]},"18":{"line":258,"type":"if","locations":[{"start":{"line":258,"column":8},"end":{"line":258,"column":8},"skip":true},{"start":{"line":258,"column":8},"end":{"line":258,"column":8},"skip":true}]},"19":{"line":275,"type":"switch","locations":[{"start":{"line":276,"column":20},"end":{"line":277,"column":64},"skip":true},{"start":{"line":278,"column":20},"end":{"line":279,"column":40},"skip":true},{"start":{"line":280,"column":20},"end":{"line":281,"column":40},"skip":true},{"start":{"line":282,"column":20},"end":{"line":283,"column":39},"skip":true}]},"20":{"line":288,"type":"if","locations":[{"start":{"line":288,"column":8},"end":{"line":288,"column":8},"skip":true},{"start":{"line":288,"column":8},"end":{"line":288,"column":8},"skip":true}]},"21":{"line":288,"type":"binary-expr","locations":[{"start":{"line":288,"column":12},"end":{"line":288,"column":40},"skip":true},{"start":{"line":288,"column":44},"end":{"line":288,"column":67},"skip":true}]},"22":{"line":292,"type":"binary-expr","locations":[{"start":{"line":292,"column":12},"end":{"line":292,"column":50},"skip":true},{"start":{"line":293,"column":12},"end":{"line":293,"column":53},"skip":true}]},"23":{"line":297,"type":"binary-expr","locations":[{"start":{"line":297,"column":12},"end":{"line":297,"column":62},"skip":true},{"start":{"line":298,"column":12},"end":{"line":301,"column":36},"skip":true}]},"24":{"line":303,"type":"binary-expr","locations":[{"start":{"line":303,"column":43},"end":{"line":303,"column":75},"skip":true},{"start":{"line":303,"column":79},"end":{"line":303,"column":81},"skip":true}]},"25":{"line":306,"type":"if","locations":[{"start":{"line":306,"column":8},"end":{"line":306,"column":8},"skip":true},{"start":{"line":306,"column":8},"end":{"line":306,"column":8},"skip":true}]},"26":{"line":310,"type":"if","locations":[{"start":{"line":310,"column":8},"end":{"line":310,"column":8},"skip":true},{"start":{"line":310,"column":8},"end":{"line":310,"column":8},"skip":true}]},"27":{"line":313,"type":"binary-expr","locations":[{"start":{"line":313,"column":27},"end":{"line":313,"column":43},"skip":true},{"start":{"line":313,"column":47},"end":{"line":313,"column":53},"skip":true}]},"28":{"line":317,"type":"if","locations":[{"start":{"line":317,"column":12},"end":{"line":317,"column":12},"skip":true},{"start":{"line":317,"column":12},"end":{"line":317,"column":12},"skip":true}]}},"code":["/*","example.js","","quickstart example","","instruction","    1. save this script as example.js","    2. run the shell command:","        $ npm install npmtest-hexy && PORT=8081 node example.js","    3. play with the browser-demo on http://127.0.0.1:8081","*/","","","","/* istanbul instrument in package npmtest_hexy */","/*jslint","    bitwise: true,","    browser: true,","    maxerr: 8,","    maxlen: 96,","    node: true,","    nomen: true,","    regexp: true,","    stupid: true","*/","(function () {","    'use strict';","    var local;","","","","    // run shared js-env code - pre-init","    (function () {","        // init local","        local = {};","        // init modeJs","        local.modeJs = (function () {","            try {","                return typeof navigator.userAgent === 'string' &&","                    typeof document.querySelector('body') === 'object' &&","                    typeof XMLHttpRequest.prototype.open === 'function' &&","                    'browser';","            } catch (errorCaughtBrowser) {","                return module.exports &&","                    typeof process.versions.node === 'string' &&","                    typeof require('http').createServer === 'function' &&","                    'node';","            }","        }());","        // init global","        local.global = local.modeJs === 'browser'","            ? window","            : global;","        // init utility2_rollup","        local = local.global.utility2_rollup || (local.modeJs === 'browser'","            ? local.global.utility2_npmtest_hexy","            : global.utility2_moduleExports);","        // export local","        local.global.local = local;","    }());","    switch (local.modeJs) {","","","","    // post-init","    // run browser js-env code - post-init","    /* istanbul ignore next */","    case 'browser':","        local.testRunBrowser = function (event) {","            if (!event || (event &&","                    event.currentTarget &&","                    event.currentTarget.className &&","                    event.currentTarget.className.includes &&","                    event.currentTarget.className.includes('onreset'))) {","                // reset output","                Array.from(","                    document.querySelectorAll('body > .resettable')","                ).forEach(function (element) {","                    switch (element.tagName) {","                    case 'INPUT':","                    case 'TEXTAREA':","                        element.value = '';","                        break;","                    default:","                        element.textContent = '';","                    }","                });","            }","            switch (event && event.currentTarget && event.currentTarget.id) {","            case 'testRunButton1':","                // show tests","                if (document.querySelector('#testReportDiv1').style.display === 'none') {","                    document.querySelector('#testReportDiv1').style.display = 'block';","                    document.querySelector('#testRunButton1').textContent =","                        'hide internal test';","                    local.modeTest = true;","                    local.testRunDefault(local);","                // hide tests","                } else {","                    document.querySelector('#testReportDiv1').style.display = 'none';","                    document.querySelector('#testRunButton1').textContent = 'run internal test';","                }","                break;","            // custom-case","            default:","                break;","            }","            if (document.querySelector('#inputTextareaEval1') && (!event || (event &&","                    event.currentTarget &&","                    event.currentTarget.className &&","                    event.currentTarget.className.includes &&","                    event.currentTarget.className.includes('oneval')))) {","                // try to eval input-code","                try {","                    /*jslint evil: true*/","                    eval(document.querySelector('#inputTextareaEval1').value);","                } catch (errorCaught) {","                    console.error(errorCaught);","                }","            }","        };","        // log stderr and stdout to #outputTextareaStdout1","        ['error', 'log'].forEach(function (key) {","            console[key + '_original'] = console[key];","            console[key] = function () {","                var element;","                console[key + '_original'].apply(console, arguments);","                element = document.querySelector('#outputTextareaStdout1');","                if (!element) {","                    return;","                }","                // append text to #outputTextareaStdout1","                element.value += Array.from(arguments).map(function (arg) {","                    return typeof arg === 'string'","                        ? arg","                        : JSON.stringify(arg, null, 4);","                }).join(' ') + '\\n';","                // scroll textarea to bottom","                element.scrollTop = element.scrollHeight;","            };","        });","        // init event-handling","        ['change', 'click', 'keyup'].forEach(function (event) {","            Array.from(document.querySelectorAll('.on' + event)).forEach(function (element) {","                element.addEventListener(event, local.testRunBrowser);","            });","        });","        // run tests","        local.testRunBrowser();","        break;","","","","    // run node js-env code - post-init","    /* istanbul ignore next */","    case 'node':","        // export local","        module.exports = local;","        // require modules","        local.fs = require('fs');","        local.http = require('http');","        local.url = require('url');","        // init assets","        local.assetsDict = local.assetsDict || {};","        /* jslint-ignore-begin */","        local.assetsDict['/assets.index.template.html'] = '\\","<!doctype html>\\n\\","<html lang=\"en\">\\n\\","<head>\\n\\","<meta charset=\"UTF-8\">\\n\\","<meta name=\"viewport\" content=\"width=device-width, initial-scale=1\">\\n\\","<title>{{env.npm_package_name}} (v{{env.npm_package_version}})</title>\\n\\","<style>\\n\\","/*csslint\\n\\","    box-sizing: false,\\n\\","    universal-selector: false\\n\\","*/\\n\\","* {\\n\\","    box-sizing: border-box;\\n\\","}\\n\\","body {\\n\\","    background: #dde;\\n\\","    font-family: Arial, Helvetica, sans-serif;\\n\\","    margin: 2rem;\\n\\","}\\n\\","body > * {\\n\\","    margin-bottom: 1rem;\\n\\","}\\n\\",".utility2FooterDiv {\\n\\","    margin-top: 20px;\\n\\","    text-align: center;\\n\\","}\\n\\","</style>\\n\\","<style>\\n\\","/*csslint\\n\\","*/\\n\\","textarea {\\n\\","    font-family: monospace;\\n\\","    height: 10rem;\\n\\","    width: 100%;\\n\\","}\\n\\","textarea[readonly] {\\n\\","    background: #ddd;\\n\\","}\\n\\","</style>\\n\\","</head>\\n\\","<body>\\n\\","<!-- utility2-comment\\n\\","<div id=\"ajaxProgressDiv1\" style=\"background: #d00; height: 2px; left: 0; margin: 0; padding: 0; position: fixed; top: 0; transition: background 0.5s, width 1.5s; width: 25%;\"></div>\\n\\","utility2-comment -->\\n\\","<h1>\\n\\","<!-- utility2-comment\\n\\","    <a\\n\\","        {{#if env.npm_package_homepage}}\\n\\","        href=\"{{env.npm_package_homepage}}\"\\n\\","        {{/if env.npm_package_homepage}}\\n\\","        target=\"_blank\"\\n\\","    >\\n\\","utility2-comment -->\\n\\","        {{env.npm_package_name}} (v{{env.npm_package_version}})\\n\\","<!-- utility2-comment\\n\\","    </a>\\n\\","utility2-comment -->\\n\\","</h1>\\n\\","<h3>{{env.npm_package_description}}</h3>\\n\\","<!-- utility2-comment\\n\\","<h4><a download href=\"assets.app.js\">download standalone app</a></h4>\\n\\","<button class=\"onclick onreset\" id=\"testRunButton1\">run internal test</button><br>\\n\\","<div id=\"testReportDiv1\" style=\"display: none;\"></div>\\n\\","utility2-comment -->\\n\\","\\n\\","\\n\\","\\n\\","<label>stderr and stdout</label>\\n\\","<textarea class=\"resettable\" id=\"outputTextareaStdout1\" readonly></textarea>\\n\\","<!-- utility2-comment\\n\\","{{#if isRollup}}\\n\\","<script src=\"assets.app.js\"></script>\\n\\","{{#unless isRollup}}\\n\\","utility2-comment -->\\n\\","<script src=\"assets.utility2.rollup.js\"></script>\\n\\","<script src=\"jsonp.utility2._stateInit?callback=window.utility2._stateInit\"></script>\\n\\","<script src=\"assets.npmtest_hexy.rollup.js\"></script>\\n\\","<script src=\"assets.example.js\"></script>\\n\\","<script src=\"assets.test.js\"></script>\\n\\","<!-- utility2-comment\\n\\","{{/if isRollup}}\\n\\","utility2-comment -->\\n\\","<div class=\"utility2FooterDiv\">\\n\\","    [ this app was created with\\n\\","    <a href=\"https://github.com/kaizhu256/node-utility2\" target=\"_blank\">utility2</a>\\n\\","    ]\\n\\","</div>\\n\\","</body>\\n\\","</html>\\n\\","';","        /* jslint-ignore-end */","        if (local.templateRender) {","            local.assetsDict['/'] = local.templateRender(","                local.assetsDict['/assets.index.template.html'],","                {","                    env: local.objectSetDefault(local.env, {","                        npm_package_description: 'the greatest app in the world!',","                        npm_package_name: 'my-app',","                        npm_package_nameAlias: 'my_app',","                        npm_package_version: '0.0.1'","                    })","                }","            );","        } else {","            local.assetsDict['/'] = local.assetsDict['/assets.index.template.html']","                .replace((/\\{\\{env\\.(\\w+?)\\}\\}/g), function (match0, match1) {","                    // jslint-hack","                    String(match0);","                    switch (match1) {","                    case 'npm_package_description':","                        return 'the greatest app in the world!';","                    case 'npm_package_name':","                        return 'my-app';","                    case 'npm_package_nameAlias':","                        return 'my_app';","                    case 'npm_package_version':","                        return '0.0.1';","                    }","                });","        }","        // run the cli","        if (local.global.utility2_rollup || module !== require.main) {","            break;","        }","        local.assetsDict['/assets.example.js'] =","            local.assetsDict['/assets.example.js'] ||","            local.fs.readFileSync(__filename, 'utf8');","        // bug-workaround - long $npm_package_buildCustomOrg","        /* jslint-ignore-begin */","        local.assetsDict['/assets.npmtest_hexy.rollup.js'] =","            local.assetsDict['/assets.npmtest_hexy.rollup.js'] ||","            local.fs.readFileSync(","                local.npmtest_hexy.__dirname + '/lib.npmtest_hexy.js',","                'utf8'","            ).replace((/^#!/), '//');","        /* jslint-ignore-end */","        local.assetsDict['/favicon.ico'] = local.assetsDict['/favicon.ico'] || '';","        // if $npm_config_timeout_exit exists,","        // then exit this process after $npm_config_timeout_exit ms","        if (Number(process.env.npm_config_timeout_exit)) {","            setTimeout(process.exit, Number(process.env.npm_config_timeout_exit));","        }","        // start server","        if (local.global.utility2_serverHttp1) {","            break;","        }","        process.env.PORT = process.env.PORT || '8081';","        console.error('server starting on port ' + process.env.PORT);","        local.http.createServer(function (request, response) {","            request.urlParsed = local.url.parse(request.url);","            if (local.assetsDict[request.urlParsed.pathname] !== undefined) {","                response.end(local.assetsDict[request.urlParsed.pathname]);","                return;","            }","            response.statusCode = 404;","            response.end();","        }).listen(process.env.PORT);","        break;","    }","}());",""],"l":{"26":2,"28":2,"33":2,"35":2,"37":2,"38":2,"39":2,"44":1,"51":2,"55":2,"59":2,"61":2,"69":1,"70":2,"76":2,"79":2,"82":2,"83":2,"85":1,"89":2,"92":1,"93":1,"94":1,"96":1,"97":1,"100":1,"101":1,"103":1,"106":1,"108":2,"114":1,"116":1,"118":1,"123":1,"124":2,"125":2,"126":3,"127":3,"128":3,"129":3,"130":1,"133":3,"134":3,"139":3,"143":1,"144":3,"145":1,"149":1,"150":1,"158":1,"160":1,"161":1,"162":1,"164":1,"166":1,"258":1,"259":1,"271":1,"274":6,"275":6,"277":1,"279":2,"281":1,"283":2,"288":1,"289":1,"291":1,"296":1,"303":1,"306":1,"307":1,"310":1,"311":1,"313":1,"314":1,"315":1,"316":1,"317":1,"318":1,"319":1,"321":1,"322":1,"324":1}},"/home/travis/build/npmtest/node-npmtest-hexy/node_modules/hexy/hexy.js":{"path":"/home/travis/build/npmtest/node-npmtest-hexy/node_modules/hexy/hexy.js","s":{"1":1,"2":1,"3":0,"4":0,"5":1,"6":0,"7":0,"8":0,"9":0,"10":0,"11":0,"12":0,"13":0,"14":0,"15":0,"16":0,"17":0,"18":0,"19":0,"20":0,"21":0,"22":0,"23":0,"24":0,"25":0,"26":0,"27":0,"28":0,"29":0,"30":0,"31":0,"32":0,"33":0,"34":0,"35":0,"36":0,"37":0,"38":0,"39":0,"40":0,"41":0,"42":0,"43":0,"44":0,"45":0,"46":0,"47":0,"48":0,"49":0,"50":0,"51":0,"52":0,"53":0,"54":0,"55":0,"56":0,"57":0,"58":0,"59":0,"60":0,"61":0,"62":0,"63":0,"64":0,"65":0,"66":0,"67":0,"68":0,"69":0,"70":0,"71":0,"72":0,"73":0,"74":0,"75":0,"76":0,"77":0,"78":0,"79":0,"80":0,"81":0,"82":0,"83":0,"84":0,"85":0,"86":0,"87":0,"88":0,"89":0,"90":0,"91":0,"92":0,"93":0,"94":0,"95":0,"96":0,"97":0,"98":0,"99":0,"100":0,"101":0,"102":0,"103":0,"104":0,"105":0,"106":0,"107":0,"108":0,"109":0,"110":0,"111":0,"112":1,"113":1,"114":1,"115":0,"116":0,"117":0,"118":1,"119":1},"b":{"1":[0,0],"2":[0,0,0,0,0,0,0,0],"3":[0,0],"4":[0,0],"5":[0,0],"6":[0,0],"7":[0,0,0],"8":[0,0],"9":[0,0],"10":[0,0],"11":[0,0],"12":[0,0],"13":[0,0],"14":[0,0],"15":[0,0],"16":[0,0],"17":[0,0],"18":[0,0],"19":[0,0],"20":[0,0],"21":[0,0],"22":[0,0],"23":[0,0],"24":[0,0],"25":[0,0],"26":[0,0,0],"27":[0,0],"28":[0,0],"29":[0,0],"30":[0,0],"31":[0,0],"32":[0,0],"33":[0,0],"34":[0,0],"35":[0,0],"36":[1,0],"37":[0,0]},"f":{"1":1,"2":0,"3":0,"4":0,"5":0,"6":0,"7":0,"8":0,"9":0,"10":0},"fnMap":{"1":{"name":"(anonymous_1)","line":156,"loc":{"start":{"line":156,"column":1},"end":{"line":156,"column":16}}},"2":{"name":"(anonymous_2)","line":158,"loc":{"start":{"line":158,"column":11},"end":{"line":158,"column":37}}},"3":{"name":"(anonymous_3)","line":163,"loc":{"start":{"line":163,"column":11},"end":{"line":163,"column":37}}},"4":{"name":"(anonymous_4)","line":216,"loc":{"start":{"line":216,"column":18},"end":{"line":216,"column":30}}},"5":{"name":"(anonymous_5)","line":285,"loc":{"start":{"line":285,"column":14},"end":{"line":285,"column":25}}},"6":{"name":"(anonymous_6)","line":303,"loc":{"start":{"line":303,"column":13},"end":{"line":303,"column":31}}},"7":{"name":"(anonymous_7)","line":314,"loc":{"start":{"line":314,"column":13},"end":{"line":314,"column":31}}},"8":{"name":"(anonymous_8)","line":318,"loc":{"start":{"line":318,"column":12},"end":{"line":318,"column":29}}},"9":{"name":"(anonymous_9)","line":326,"loc":{"start":{"line":326,"column":13},"end":{"line":326,"column":30}}},"10":{"name":"(anonymous_10)","line":338,"loc":{"start":{"line":338,"column":15},"end":{"line":338,"column":30}}}},"statementMap":{"1":{"start":{"line":156,"column":0},"end":{"line":368,"column":8}},"2":{"start":{"line":158,"column":0},"end":{"line":161,"column":1}},"3":{"start":{"line":159,"column":2},"end":{"line":159,"column":34}},"4":{"start":{"line":160,"column":2},"end":{"line":160,"column":21}},"5":{"start":{"line":163,"column":0},"end":{"line":346,"column":1}},"6":{"start":{"line":164,"column":2},"end":{"line":164,"column":17}},"7":{"start":{"line":166,"column":2},"end":{"line":171,"column":3}},"8":{"start":{"line":167,"column":4},"end":{"line":170,"column":22}},"9":{"start":{"line":172,"column":2},"end":{"line":172,"column":23}},"10":{"start":{"line":173,"column":2},"end":{"line":173,"column":23}},"11":{"start":{"line":175,"column":2},"end":{"line":175,"column":25}},"12":{"start":{"line":176,"column":2},"end":{"line":176,"column":47}},"13":{"start":{"line":177,"column":2},"end":{"line":177,"column":69}},"14":{"start":{"line":179,"column":2},"end":{"line":186,"column":3}},"15":{"start":{"line":182,"column":6},"end":{"line":182,"column":33}},"16":{"start":{"line":183,"column":6},"end":{"line":183,"column":11}},"17":{"start":{"line":185,"column":6},"end":{"line":185,"column":27}},"18":{"start":{"line":188,"column":2},"end":{"line":188,"column":70}},"19":{"start":{"line":189,"column":2},"end":{"line":189,"column":70}},"20":{"start":{"line":190,"column":2},"end":{"line":190,"column":45}},"21":{"start":{"line":191,"column":2},"end":{"line":191,"column":44}},"22":{"start":{"line":192,"column":2},"end":{"line":192,"column":48}},"23":{"start":{"line":193,"column":2},"end":{"line":193,"column":44}},"24":{"start":{"line":194,"column":2},"end":{"line":194,"column":45}},"25":{"start":{"line":196,"column":2},"end":{"line":196,"column":50}},"26":{"start":{"line":198,"column":2},"end":{"line":202,"column":3}},"27":{"start":{"line":199,"column":4},"end":{"line":201,"column":5}},"28":{"start":{"line":200,"column":6},"end":{"line":200,"column":50}},"29":{"start":{"line":204,"column":2},"end":{"line":208,"column":3}},"30":{"start":{"line":205,"column":4},"end":{"line":207,"column":5}},"31":{"start":{"line":206,"column":6},"end":{"line":206,"column":52}},"32":{"start":{"line":210,"column":2},"end":{"line":212,"column":3}},"33":{"start":{"line":211,"column":4},"end":{"line":211,"column":33}},"34":{"start":{"line":214,"column":2},"end":{"line":214,"column":13}},"35":{"start":{"line":216,"column":2},"end":{"line":283,"column":3}},"36":{"start":{"line":217,"column":4},"end":{"line":217,"column":16}},"37":{"start":{"line":219,"column":4},"end":{"line":219,"column":51}},"38":{"start":{"line":219,"column":21},"end":{"line":219,"column":50}},"39":{"start":{"line":221,"column":4},"end":{"line":221,"column":26}},"40":{"start":{"line":224,"column":4},"end":{"line":280,"column":5}},"41":{"start":{"line":225,"column":6},"end":{"line":227,"column":26}},"42":{"start":{"line":229,"column":6},"end":{"line":229,"column":30}},"43":{"start":{"line":230,"column":6},"end":{"line":234,"column":7}},"44":{"start":{"line":231,"column":8},"end":{"line":231,"column":19}},"45":{"start":{"line":232,"column":13},"end":{"line":234,"column":7}},"46":{"start":{"line":233,"column":8},"end":{"line":233,"column":19}},"47":{"start":{"line":236,"column":6},"end":{"line":236,"column":28}},"48":{"start":{"line":239,"column":6},"end":{"line":242,"column":7}},"49":{"start":{"line":240,"column":8},"end":{"line":240,"column":38}},"50":{"start":{"line":241,"column":8},"end":{"line":241,"column":32}},"51":{"start":{"line":244,"column":6},"end":{"line":244,"column":64}},"52":{"start":{"line":245,"column":6},"end":{"line":248,"column":7}},"53":{"start":{"line":246,"column":8},"end":{"line":246,"column":42}},"54":{"start":{"line":247,"column":8},"end":{"line":247,"column":51}},"55":{"start":{"line":249,"column":6},"end":{"line":249,"column":24}},"56":{"start":{"line":251,"column":6},"end":{"line":254,"column":7}},"57":{"start":{"line":252,"column":8},"end":{"line":252,"column":27}},"58":{"start":{"line":253,"column":8},"end":{"line":253,"column":19}},"59":{"start":{"line":256,"column":6},"end":{"line":256,"column":20}},"60":{"start":{"line":257,"column":6},"end":{"line":266,"column":7}},"61":{"start":{"line":259,"column":10},"end":{"line":259,"column":58}},"62":{"start":{"line":260,"column":10},"end":{"line":260,"column":15}},"63":{"start":{"line":262,"column":10},"end":{"line":262,"column":35}},"64":{"start":{"line":263,"column":10},"end":{"line":263,"column":15}},"65":{"start":{"line":265,"column":10},"end":{"line":265,"column":37}},"66":{"start":{"line":268,"column":6},"end":{"line":268,"column":40}},"67":{"start":{"line":269,"column":6},"end":{"line":274,"column":7}},"68":{"start":{"line":270,"column":8},"end":{"line":270,"column":16}},"69":{"start":{"line":271,"column":8},"end":{"line":271,"column":61}},"70":{"start":{"line":272,"column":8},"end":{"line":273,"column":29}},"71":{"start":{"line":272,"column":24},"end":{"line":272,"column":44}},"72":{"start":{"line":273,"column":15},"end":{"line":273,"column":28}},"73":{"start":{"line":275,"column":6},"end":{"line":279,"column":7}},"74":{"start":{"line":276,"column":8},"end":{"line":276,"column":25}},"75":{"start":{"line":278,"column":6},"end":{"line":278,"column":17}},"76":{"start":{"line":281,"column":4},"end":{"line":281,"column":39}},"77":{"start":{"line":281,"column":21},"end":{"line":281,"column":38}},"78":{"start":{"line":282,"column":4},"end":{"line":282,"column":14}},"79":{"start":{"line":285,"column":2},"end":{"line":301,"column":3}},"80":{"start":{"line":286,"column":4},"end":{"line":286,"column":20}},"81":{"start":{"line":287,"column":4},"end":{"line":298,"column":5}},"82":{"start":{"line":288,"column":6},"end":{"line":292,"column":41}},"83":{"start":{"line":294,"column":6},"end":{"line":296,"column":7}},"84":{"start":{"line":295,"column":8},"end":{"line":295,"column":52}},"85":{"start":{"line":297,"column":6},"end":{"line":297,"column":29}},"86":{"start":{"line":299,"column":4},"end":{"line":299,"column":18}},"87":{"start":{"line":303,"column":2},"end":{"line":313,"column":3}},"88":{"start":{"line":304,"column":4},"end":{"line":304,"column":16}},"89":{"start":{"line":305,"column":4},"end":{"line":311,"column":5}},"90":{"start":{"line":306,"column":6},"end":{"line":310,"column":7}},"91":{"start":{"line":307,"column":8},"end":{"line":307,"column":43}},"92":{"start":{"line":309,"column":8},"end":{"line":309,"column":32}},"93":{"start":{"line":312,"column":4},"end":{"line":312,"column":14}},"94":{"start":{"line":314,"column":2},"end":{"line":316,"column":3}},"95":{"start":{"line":315,"column":4},"end":{"line":315,"column":37}},"96":{"start":{"line":318,"column":2},"end":{"line":325,"column":3}},"97":{"start":{"line":319,"column":4},"end":{"line":319,"column":26}},"98":{"start":{"line":321,"column":4},"end":{"line":323,"column":5}},"99":{"start":{"line":322,"column":6},"end":{"line":322,"column":17}},"100":{"start":{"line":324,"column":4},"end":{"line":324,"column":12}},"101":{"start":{"line":326,"column":2},"end":{"line":336,"column":3}},"102":{"start":{"line":327,"column":4},"end":{"line":334,"column":5}},"103":{"start":{"line":328,"column":6},"end":{"line":332,"column":7}},"104":{"start":{"line":329,"column":8},"end":{"line":329,"column":21}},"105":{"start":{"line":331,"column":8},"end":{"line":331,"column":16}},"106":{"start":{"line":335,"column":4},"end":{"line":335,"column":12}},"107":{"start":{"line":338,"column":2},"end":{"line":343,"column":3}},"108":{"start":{"line":339,"column":4},"end":{"line":339,"column":38}},"109":{"start":{"line":340,"column":4},"end":{"line":340,"column":37}},"110":{"start":{"line":341,"column":4},"end":{"line":341,"column":37}},"111":{"start":{"line":342,"column":4},"end":{"line":342,"column":14}},"112":{"start":{"line":356,"column":0},"end":{"line":356,"column":8}},"113":{"start":{"line":357,"column":0},"end":{"line":364,"column":1}},"114":{"start":{"line":358,"column":2},"end":{"line":358,"column":16}},"115":{"start":{"line":359,"column":7},"end":{"line":364,"column":1}},"116":{"start":{"line":360,"column":2},"end":{"line":360,"column":15}},"117":{"start":{"line":363,"column":2},"end":{"line":363,"column":12}},"118":{"start":{"line":365,"column":0},"end":{"line":365,"column":16}},"119":{"start":{"line":366,"column":0},"end":{"line":366,"column":16}}},"branchMap":{"1":{"line":166,"type":"if","locations":[{"start":{"line":166,"column":2},"end":{"line":166,"column":2}},{"start":{"line":166,"column":2},"end":{"line":166,"column":2}}]},"2":{"line":167,"type":"binary-expr","locations":[{"start":{"line":167,"column":14},"end":{"line":167,"column":37}},{"start":{"line":167,"column":41},"end":{"line":167,"column":47}},{"start":{"line":168,"column":10},"end":{"line":168,"column":36}},{"start":{"line":168,"column":40},"end":{"line":168,"column":58}},{"start":{"line":169,"column":10},"end":{"line":169,"column":16}},{"start":{"line":169,"column":21},"end":{"line":169,"column":49}},{"start":{"line":169,"column":54},"end":{"line":169,"column":72}},{"start":{"line":170,"column":9},"end":{"line":170,"column":22}}]},"3":{"line":172,"type":"binary-expr","locations":[{"start":{"line":172,"column":11},"end":{"line":172,"column":17}},{"start":{"line":172,"column":21},"end":{"line":172,"column":23}}]},"4":{"line":173,"type":"binary-expr","locations":[{"start":{"line":173,"column":11},"end":{"line":173,"column":17}},{"start":{"line":173,"column":21},"end":{"line":173,"column":23}}]},"5":{"line":176,"type":"binary-expr","locations":[{"start":{"line":176,"column":19},"end":{"line":176,"column":41}},{"start":{"line":176,"column":45},"end":{"line":176,"column":47}}]},"6":{"line":177,"type":"cond-expr","locations":[{"start":{"line":177,"column":49},"end":{"line":177,"column":55}},{"start":{"line":177,"column":58},"end":{"line":177,"column":69}}]},"7":{"line":179,"type":"switch","locations":[{"start":{"line":180,"column":4},"end":{"line":180,"column":16}},{"start":{"line":181,"column":4},"end":{"line":183,"column":11}},{"start":{"line":184,"column":4},"end":{"line":185,"column":27}}]},"8":{"line":188,"type":"cond-expr","locations":[{"start":{"line":188,"column":53},"end":{"line":188,"column":60}},{"start":{"line":188,"column":63},"end":{"line":188,"column":70}}]},"9":{"line":189,"type":"cond-expr","locations":[{"start":{"line":189,"column":53},"end":{"line":189,"column":59}},{"start":{"line":189,"column":63},"end":{"line":189,"column":70}}]},"10":{"line":190,"type":"binary-expr","locations":[{"start":{"line":190,"column":21},"end":{"line":190,"column":34}},{"start":{"line":190,"column":43},"end":{"line":190,"column":45}}]},"11":{"line":191,"type":"binary-expr","locations":[{"start":{"line":191,"column":21},"end":{"line":191,"column":34}},{"start":{"line":191,"column":43},"end":{"line":191,"column":44}}]},"12":{"line":192,"type":"binary-expr","locations":[{"start":{"line":192,"column":21},"end":{"line":192,"column":32}},{"start":{"line":192,"column":43},"end":{"line":192,"column":48}}]},"13":{"line":193,"type":"binary-expr","locations":[{"start":{"line":193,"column":21},"end":{"line":193,"column":34}},{"start":{"line":193,"column":43},"end":{"line":193,"column":44}}]},"14":{"line":194,"type":"binary-expr","locations":[{"start":{"line":194,"column":21},"end":{"line":194,"column":34}},{"start":{"line":194,"column":43},"end":{"line":194,"column":45}}]},"15":{"line":196,"type":"binary-expr","locations":[{"start":{"line":196,"column":24},"end":{"line":196,"column":45}},{"start":{"line":196,"column":49},"end":{"line":196,"column":50}}]},"16":{"line":198,"type":"if","locations":[{"start":{"line":198,"column":2},"end":{"line":198,"column":2}},{"start":{"line":198,"column":2},"end":{"line":198,"column":2}}]},"17":{"line":199,"type":"if","locations":[{"start":{"line":199,"column":4},"end":{"line":199,"column":4}},{"start":{"line":199,"column":4},"end":{"line":199,"column":4}}]},"18":{"line":204,"type":"if","locations":[{"start":{"line":204,"column":2},"end":{"line":204,"column":2}},{"start":{"line":204,"column":2},"end":{"line":204,"column":2}}]},"19":{"line":205,"type":"if","locations":[{"start":{"line":205,"column":4},"end":{"line":205,"column":4}},{"start":{"line":205,"column":4},"end":{"line":205,"column":4}}]},"20":{"line":219,"type":"if","locations":[{"start":{"line":219,"column":4},"end":{"line":219,"column":4}},{"start":{"line":219,"column":4},"end":{"line":219,"column":4}}]},"21":{"line":230,"type":"if","locations":[{"start":{"line":230,"column":6},"end":{"line":230,"column":6}},{"start":{"line":230,"column":6},"end":{"line":230,"column":6}}]},"22":{"line":232,"type":"if","locations":[{"start":{"line":232,"column":13},"end":{"line":232,"column":13}},{"start":{"line":232,"column":13},"end":{"line":232,"column":13}}]},"23":{"line":245,"type":"if","locations":[{"start":{"line":245,"column":6},"end":{"line":245,"column":6}},{"start":{"line":245,"column":6},"end":{"line":245,"column":6}}]},"24":{"line":246,"type":"cond-expr","locations":[{"start":{"line":246,"column":25},"end":{"line":246,"column":32}},{"start":{"line":246,"column":35},"end":{"line":246,"column":42}}]},"25":{"line":251,"type":"if","locations":[{"start":{"line":251,"column":6},"end":{"line":251,"column":6}},{"start":{"line":251,"column":6},"end":{"line":251,"column":6}}]},"26":{"line":257,"type":"switch","locations":[{"start":{"line":258,"column":8},"end":{"line":260,"column":15}},{"start":{"line":261,"column":8},"end":{"line":263,"column":15}},{"start":{"line":264,"column":8},"end":{"line":265,"column":37}}]},"27":{"line":269,"type":"if","locations":[{"start":{"line":269,"column":6},"end":{"line":269,"column":6}},{"start":{"line":269,"column":6},"end":{"line":269,"column":6}}]},"28":{"line":272,"type":"if","locations":[{"start":{"line":272,"column":8},"end":{"line":272,"column":8}},{"start":{"line":272,"column":8},"end":{"line":272,"column":8}}]},"29":{"line":275,"type":"if","locations":[{"start":{"line":275,"column":6},"end":{"line":275,"column":6}},{"start":{"line":275,"column":6},"end":{"line":275,"column":6}}]},"30":{"line":281,"type":"if","locations":[{"start":{"line":281,"column":4},"end":{"line":281,"column":4}},{"start":{"line":281,"column":4},"end":{"line":281,"column":4}}]},"31":{"line":289,"type":"cond-expr","locations":[{"start":{"line":289,"column":55},"end":{"line":289,"column":73}},{"start":{"line":289,"column":76},"end":{"line":289,"column":88}}]},"32":{"line":291,"type":"cond-expr","locations":[{"start":{"line":291,"column":42},"end":{"line":291,"column":53}},{"start":{"line":291,"column":56},"end":{"line":291,"column":67}}]},"33":{"line":294,"type":"if","locations":[{"start":{"line":294,"column":6},"end":{"line":294,"column":6}},{"start":{"line":294,"column":6},"end":{"line":294,"column":6}}]},"34":{"line":306,"type":"if","locations":[{"start":{"line":306,"column":6},"end":{"line":306,"column":6}},{"start":{"line":306,"column":6},"end":{"line":306,"column":6}}]},"35":{"line":328,"type":"if","locations":[{"start":{"line":328,"column":6},"end":{"line":328,"column":6}},{"start":{"line":328,"column":6},"end":{"line":328,"column":6}}]},"36":{"line":357,"type":"if","locations":[{"start":{"line":357,"column":0},"end":{"line":357,"column":0}},{"start":{"line":357,"column":0},"end":{"line":357,"column":0}}]},"37":{"line":359,"type":"if","locations":[{"start":{"line":359,"column":7},"end":{"line":359,"column":7}},{"start":{"line":359,"column":7},"end":{"line":359,"column":7}}]}},"code":["// # hexy.js -- utility to create hex dumps ","// ","// `hexy` is a javascript library that's easy to use to create hex dumps. It","// works well in node and has cursory browser (more below) support. It contains a","// number of options to configure how the hex dump will end up looking.","// ","// It should create a pleasant looking hex dumb by default:","//     ","//     var hexy = require('hexy'),","//            b = new Buffer(\"\\000\\001\\003\\005\\037\\012\\011bcdefghijklmnopqrstuvwxyz0123456789\")","//             // or String or Array containing numbers ( bytes, i.e. < 0xFF )","//     ","//     console.log(hexy.hexy(b))","// ","// results in this dump:","// ","//     00000000: 0001 0305 1f0a 0962 6364 6566 6768 696a  .......bcdefghij","//     00000010: 6b6c 6d6e 6f70 7172 7374 7576 7778 797a  klmnopqrstuvwxyz","//     00000020: 3031 3233 3435 3637 3839                 0123456789","// ","// but it's also possible to configure:","// ","//   * Line numbering","//   * Line width","//   * Format of byte grouping","//   * Case of hex decimals","//   * Presence of the ASCII annotation in the right column.","// ","// This means it's easy to generate exciting dumps like:","// ","//     0000000: 0001 0305 1f0a 0962  .... ...b ","//     0000008: 6364 6566 6768 696a  cdef ghij ","//     0000010: 6b6c 6d6e 6f70 7172  klmn opqr ","//     0000018: 7374 7576 7778 797a  stuv wxyz ","//     0000020: 3031 3233 3435 3637  0123 4567 ","//     0000028: 3839                 89","// ","// or even:","// ","//     0000000: 00 01 03 05 1f 0a 09 62   63 64 65 66 67 68 69 6a ","//     0000010: 6b 6c 6d 6e 6f 70 71 72   73 74 75 76 77 78 79 7a ","//     0000020: 30 31 32 33 34 35 36 37   38 39","// ","// with hexy!","// ","// ## Accepted Input","// ","// Currently, input should be one of the following:","// ","//   - a `Buffer`","//   - a `String`","//   - an `Array` containing `Number`s. These should fit into","//     8 bits, i.e. be smaller than 255. Larger values are truncated","//     (specifically `val & 0xff`)","// ","// ## Formatting Options","// ","// Formatting options are configured by passing a `format` object to the `hexy` function:","// ","//     var format = {}","//         format.width = width // how many bytes per line, default 16","//         format.numbering = n // [\"hex_bytes\" | \"none\"],  default \"hex_bytes\"","//         format.format = f    // [\"fours\"|\"twos\"|\"none\"], how many nibbles per group","//                              //                          default \"fours\"","//         format.caps = c      // [\"lower\"|\"upper\"],       default lower","//         format.annotate=a    // [\"ascii\"|\"none\"], ascii annotation at end of line?","//                              //                          default \"ascii\"","//         format.prefix=p      // <string> something pretty to put in front of each line","//                              //                          default \"\"","//         format.indent=i      // <num> number of spaces to indent","//                              //                          default 0","//         format.html=true     // funky html divs 'n stuff! experimental.","//                              //                          default: false","// ","//     console.log(hexy.hexy(buffer, format))","// ","// In case you're really nerdy, you'll have noticed that the defaults correspond","// to how `xxd` formats it's output.","//            ","// ","// ## Installing","// ","// Either use `npm`:","//   ","//     npm install hexy","// ","// This will install the lib which you'll be able to use like so:","//     ","//     var hexy = require(\"hexy\"),","//         buf  = // get Buffer from somewhere,","//         str  = hexy.hexy(buf)","// ","// It will also install `hexy` into your path in case you're totally fed up","// with using `xxd`.","//         ","//  ","// If you don't like `npm`, grab the source from github:","// ","//     http://github.com/a2800276/hexy.js","// ","// ## Browser Support","// ","// Basically eveything should work fine in the browser as well, just","// include hexy.js in a script tag, and you'll get `hexy` and `Hexy` stuck","// to the global object (window).","// ","// Some caveats: \"Works fine on my system™\". Browser support is 'new' and","// not thoroughly tested (... eh, only on chrome [Version: whatever I'm","// currently running]). Under node, I can generally assume that binary data","// is passed in in a sane fashion using buffers, but plain old Javascript","// doesn't really have any datatypes that can handle bytes gracefully.","// Currently only Strings and arrays containing Number'ish values are","// supported, I'd like to add numeric and typed arrays more explicitly.","// ","// Let me know in case you run into any issues, I'd be happy to find out","// about them.","// ","// ## TODOS","// ","// The current version only pretty prints node.js Buffers, and JS Strings","// and Arrays. This should be expanded to also do typed arrays,","// Streams/series of Buffers which would be nice so you don't have to","// collect the whole things you want to pretty print in memory, and such.","// ","// I'd like to improve html rendering, e.g. to be able to mouse over the","// ascii annotation and highlight the hex byte and vice versa, improve","// browser integration and set up a proper build & packaging system.","// ","// Better testing for browser use.","// ","//  ","// ## Thanks","// ","// * Thanks to Isaac Schlueter [isaacs] for gratiously lending a hand and","// cheering me up.","// * dodo (http://coderwall.com/dodo)","// * the fine folks at [Travis](http://travis-ci.org/a2800276/hexy.js)","// * radare (https://github.com/radare)","// * Michele Caini (https://github.com/skypjack)","// ","// ## History","// ","// This is a fairly straightforward port of `hexy.rb` which does more or less the","// same thing. You can find it here: ","//  ","//     http://github.com/a2800276/hexy","//  ","// in case these sorts of things interest you.","// ","// ## Mail","// ","// In case you discover bugs, spelling errors, offer suggestions for","// improvements or would like to help out with the project, you can contact","// me directly (tim@kuriositaet.de). ","","(function (arg) {","","var hexy = function (buffer, config) {","  var h = new Hexy(buffer, config)","  return h.toString()","}","","var Hexy = function (buffer, config) {","  var self = this","  ","  if (typeof Buffer !== 'undefined') {","    buffer = (Buffer.isBuffer(buffer) && buffer) ","      || (typeof buffer === 'string' && new Buffer(buffer)) ","      || (buffer && (buffer.constructor === Array) && new Buffer(buffer)) // accept num arrays","      || new Buffer(0)","  }","  buffer = buffer || []","  config = config || {}"," ","  self.buffer    = buffer // magic string conversion here?","  self.width     = parseInt(config.width) || 16","  self.numbering = config.numbering == \"none\"  ? \"none\" : \"hex_bytes\"","   ","  switch (config.format) {","    case \"none\":","    case \"twos\":","      self.format = config.format","      break","    default:","      self.format = \"fours\"","  }","  ","  self.caps        = config.caps        == \"upper\" ? \"upper\" : \"lower\"","  self.annotate    = config.annotate    == \"none\"  ? \"none\"  : \"ascii\"","  self.prefix      = config.prefix      || \"\"","  self.indent      = config.indent      || 0","  self.html        = config.html        || false","  self.offset      = config.offset      || 0","  self.length      = config.length      || -1","  ","  self.display_offset = config.display_offset || 0","","  if (self.offset) {","    if (self.offset < self.buffer.length) {","      self.buffer = self.buffer.slice(self.offset)","    }","  }","","  if (self.length !== -1) {","    if (self.length <= self.buffer.length) {","      self.buffer = self.buffer.slice(0,self.length)","    }","  }","","  for (var i = 0; i!=self.indent; ++i) {","    self.prefix = \" \"+self.prefix","  }","","  var pos = 0","","  this.toString = function () {","    var str = \"\"","    ","    if (self.html) { str += \"<div class='hexy'>\\n\"}","    //split up into line of max `self.width`","    var line_arr = lines()","    ","    //lines().forEach(function(hex_raw, i)","    for (var i = 0; i!= line_arr.length; ++i) {","      var hex_raw = line_arr[i],","          hex = hex_raw[0],","          raw = hex_raw[1]","      //insert spaces every `self.format.twos` or fours","      var howMany = hex.length","      if (self.format === \"fours\") {","        howMany = 4","      } else if (self.format === \"twos\") {","        howMany = 2","      }","","      var hex_formatted = \"\"","","","      for (var j =0; j< hex.length; j+=howMany) {","        var s = hex.substr(j, howMany)","        hex_formatted += s + \" \"","      } ","","      var addr = (i*self.width)+self.offset+self.display_offset;","      if (self.html) {","        odd = i%2 == 0 ? \" even\" : \"  odd\"","        str += \"<div class='\"+pad(addr, 8)+odd+\"'>\"","      }","      str += self.prefix ","","      if (self.numbering === \"hex_bytes\") {","        str += pad(addr, 8) // padding...","        str += \": \"","      }","      ","      var padlen = 0","      switch(self.format) {","        case \"fours\":","          padlen = self.width*2 + Math.floor(self.width/2)","          break","        case \"twos\":","          padlen = self.width*3 + 2","          break","        default:","          padlen = self.width * 2 + 1","      }","","      str += rpad(hex_formatted, padlen)","      if (self.annotate === \"ascii\") {","        str+=\" \"","        var ascii = raw.replace(/[\\000-\\040\\177-\\377]/g, \".\")","        if (self.html) {str += escape(ascii)}","        else { str += ascii }","      }","      if (self.html) {","        str += \"</div>\\n\"","      } else {","      str += \"\\n\"","      } ","    }","    if (self.html) { str += \"</div>\\n\"}","    return str","  }","","  var lines = function() {","    var hex_raw = []","    for (var i = 0; i<self.buffer.length ; i+=self.width) {","      var begin = i,","          end   = i+self.width >= self.buffer.length ? self.buffer.length : i+self.width,","          slice = self.buffer.slice(begin, end),","          hex   = self.caps === \"upper\" ? hexu(slice) : hexl(slice),","          raw   = slice.toString('ascii')","      ","      if (self.buffer.constructor == Array) {","        raw = String.fromCharCode.apply(self, slice)","      }","      hex_raw.push([hex,raw])","    }","    return hex_raw","","  }","","  var hexl = function (buffer) {","    var str = \"\"","    for (var i=0; i!=buffer.length; ++i) {","      if (buffer.constructor == String) {","        str += pad(buffer.charCodeAt(i), 2)","      } else {","        str += pad(buffer[i], 2)","      }","    }","    return str","  }","  var hexu = function (buffer) {","    return hexl(buffer).toUpperCase()","  }","","  var pad = function(b, len) {","    var s = b.toString(16)","    ","    while (s.length < len) {","      s = \"0\" + s","    }","    return s","  } ","  var rpad = function(s, len) {","    for (var n = len - s.length; n>0; --n) {","      if (self.html) {","        s += \"&nbsp;\"","      } else {","        s += \" \"","      }","    ","    }","    return s","  }","","  var escape = function (str) {","    str = str.split(\"&\").join(\"&amp;\")","    str = str.split(\"<\").join(\"&lt;\")","    str = str.split(\">\").join(\"&gt;\")","    return str","  }","  ","","}","","","// This is probably not the prettiest or coolest way to to determine runtime","// environment. It seems to work and Im not up to the task figuring out what","// the module system du jour is and how to interface with it ...","","// If anyone wants to fix this to include this module \"properly\", I'm more than","// happy to incorporate any fixes...","","var _exp","if (typeof exports !== \"undefined\") {","  _exp = exports","} else if (arg === window) {","  _exp = window","} else {","  // who knows?","  _exp = arg // or this or somethings. ...","}","_exp.hexy = hexy","_exp.Hexy = Hexy","","})(this)",""],"l":{"156":1,"158":1,"159":0,"160":0,"163":1,"164":0,"166":0,"167":0,"172":0,"173":0,"175":0,"176":0,"177":0,"179":0,"182":0,"183":0,"185":0,"188":0,"189":0,"190":0,"191":0,"192":0,"193":0,"194":0,"196":0,"198":0,"199":0,"200":0,"204":0,"205":0,"206":0,"210":0,"211":0,"214":0,"216":0,"217":0,"219":0,"221":0,"224":0,"225":0,"229":0,"230":0,"231":0,"232":0,"233":0,"236":0,"239":0,"240":0,"241":0,"244":0,"245":0,"246":0,"247":0,"249":0,"251":0,"252":0,"253":0,"256":0,"257":0,"259":0,"260":0,"262":0,"263":0,"265":0,"268":0,"269":0,"270":0,"271":0,"272":0,"273":0,"275":0,"276":0,"278":0,"281":0,"282":0,"285":0,"286":0,"287":0,"288":0,"294":0,"295":0,"297":0,"299":0,"303":0,"304":0,"305":0,"306":0,"307":0,"309":0,"312":0,"314":0,"315":0,"318":0,"319":0,"321":0,"322":0,"324":0,"326":0,"327":0,"328":0,"329":0,"331":0,"335":0,"338":0,"339":0,"340":0,"341":0,"342":0,"356":1,"357":1,"358":1,"359":0,"360":0,"363":0,"365":1,"366":1}},"/home/travis/build/npmtest/node-npmtest-hexy/node_modules/hexy/bin/hexy_cmd.js":{"path":"/home/travis/build/npmtest/node-npmtest-hexy/node_modules/hexy/bin/hexy_cmd.js","s":{"1":1,"2":1,"3":0,"4":0,"5":0,"6":0,"7":0,"8":0,"9":0,"10":0,"11":0,"12":0,"13":0,"14":1,"15":0,"16":0,"17":0,"18":0,"19":0,"20":1,"21":1,"22":1,"23":1,"24":0,"25":0,"26":0,"27":0,"28":0,"29":0,"30":0,"31":0,"32":0,"33":0,"34":0,"35":1,"36":0,"37":1,"38":0,"39":1,"40":1,"41":1,"42":0,"43":0,"44":1,"45":1,"46":0,"47":0,"48":0,"49":0,"50":0,"51":0,"52":0,"53":0,"54":1,"55":0},"b":{"1":[0,0],"2":[0,0],"3":[0,0],"4":[0,0],"5":[0,1],"6":[0,1],"7":[0,1],"8":[0,0]},"f":{"1":0,"2":0,"3":1,"4":0,"5":0},"fnMap":{"1":{"name":"usage","line":6,"loc":{"start":{"line":6,"column":0},"end":{"line":6,"column":21}}},"2":{"name":"existsFatal","line":20,"loc":{"start":{"line":20,"column":0},"end":{"line":20,"column":25}}},"3":{"name":"handleArgs","line":29,"loc":{"start":{"line":29,"column":0},"end":{"line":29,"column":23}}},"4":{"name":"(anonymous_4)","line":87,"loc":{"start":{"line":87,"column":23},"end":{"line":87,"column":38}}},"5":{"name":"(anonymous_5)","line":100,"loc":{"start":{"line":100,"column":22},"end":{"line":100,"column":32}}}},"statementMap":{"1":{"start":{"line":3,"column":0},"end":{"line":4,"column":24}},"2":{"start":{"line":6,"column":0},"end":{"line":18,"column":1}},"3":{"start":{"line":7,"column":2},"end":{"line":7,"column":18}},"4":{"start":{"line":8,"column":2},"end":{"line":8,"column":35}},"5":{"start":{"line":9,"column":2},"end":{"line":9,"column":72}},"6":{"start":{"line":10,"column":2},"end":{"line":10,"column":74}},"7":{"start":{"line":11,"column":2},"end":{"line":11,"column":75}},"8":{"start":{"line":12,"column":2},"end":{"line":12,"column":66}},"9":{"start":{"line":13,"column":2},"end":{"line":13,"column":73}},"10":{"start":{"line":14,"column":2},"end":{"line":14,"column":80}},"11":{"start":{"line":15,"column":2},"end":{"line":15,"column":82}},"12":{"start":{"line":16,"column":2},"end":{"line":16,"column":50}},"13":{"start":{"line":17,"column":2},"end":{"line":17,"column":17}},"14":{"start":{"line":20,"column":0},"end":{"line":28,"column":1}},"15":{"start":{"line":21,"column":2},"end":{"line":26,"column":16}},"16":{"start":{"line":22,"column":4},"end":{"line":22,"column":30}},"17":{"start":{"line":23,"column":4},"end":{"line":25,"column":5}},"18":{"start":{"line":24,"column":6},"end":{"line":24,"column":13}},"19":{"start":{"line":27,"column":2},"end":{"line":27,"column":26}},"20":{"start":{"line":29,"column":0},"end":{"line":72,"column":1}},"21":{"start":{"line":30,"column":2},"end":{"line":39,"column":7}},"22":{"start":{"line":41,"column":2},"end":{"line":42,"column":15}},"23":{"start":{"line":44,"column":2},"end":{"line":63,"column":3}},"24":{"start":{"line":45,"column":4},"end":{"line":45,"column":21}},"25":{"start":{"line":46,"column":4},"end":{"line":48,"column":5}},"26":{"start":{"line":47,"column":6},"end":{"line":47,"column":13}},"27":{"start":{"line":49,"column":4},"end":{"line":59,"column":5}},"28":{"start":{"line":51,"column":6},"end":{"line":58,"column":7}},"29":{"start":{"line":53,"column":8},"end":{"line":53,"column":24}},"30":{"start":{"line":54,"column":8},"end":{"line":54,"column":29}},"31":{"start":{"line":55,"column":8},"end":{"line":55,"column":14}},"32":{"start":{"line":57,"column":8},"end":{"line":57,"column":15}},"33":{"start":{"line":60,"column":4},"end":{"line":60,"column":35}},"34":{"start":{"line":61,"column":4},"end":{"line":61,"column":27}},"35":{"start":{"line":65,"column":2},"end":{"line":67,"column":3}},"36":{"start":{"line":66,"column":4},"end":{"line":66,"column":45}},"37":{"start":{"line":68,"column":2},"end":{"line":70,"column":3}},"38":{"start":{"line":69,"column":4},"end":{"line":69,"column":47}},"39":{"start":{"line":71,"column":2},"end":{"line":71,"column":15}},"40":{"start":{"line":78,"column":0},"end":{"line":80,"column":17}},"41":{"start":{"line":82,"column":0},"end":{"line":103,"column":1}},"42":{"start":{"line":83,"column":2},"end":{"line":83,"column":43}},"43":{"start":{"line":84,"column":2},"end":{"line":84,"column":40}},"44":{"start":{"line":86,"column":2},"end":{"line":86,"column":33}},"45":{"start":{"line":87,"column":6},"end":{"line":98,"column":8}},"46":{"start":{"line":88,"column":8},"end":{"line":88,"column":22}},"47":{"start":{"line":89,"column":8},"end":{"line":97,"column":9}},"48":{"start":{"line":90,"column":10},"end":{"line":90,"column":32}},"49":{"start":{"line":91,"column":10},"end":{"line":91,"column":59}},"50":{"start":{"line":92,"column":10},"end":{"line":92,"column":34}},"51":{"start":{"line":93,"column":10},"end":{"line":93,"column":26}},"52":{"start":{"line":94,"column":10},"end":{"line":94,"column":48}},"53":{"start":{"line":96,"column":10},"end":{"line":96,"column":23}},"54":{"start":{"line":100,"column":6},"end":{"line":102,"column":8}},"55":{"start":{"line":101,"column":8},"end":{"line":101,"column":46}}},"branchMap":{"1":{"line":23,"type":"if","locations":[{"start":{"line":23,"column":4},"end":{"line":23,"column":4}},{"start":{"line":23,"column":4},"end":{"line":23,"column":4}}]},"2":{"line":46,"type":"if","locations":[{"start":{"line":46,"column":4},"end":{"line":46,"column":4}},{"start":{"line":46,"column":4},"end":{"line":46,"column":4}}]},"3":{"line":49,"type":"if","locations":[{"start":{"line":49,"column":4},"end":{"line":49,"column":4}},{"start":{"line":49,"column":4},"end":{"line":49,"column":4}}]},"4":{"line":51,"type":"if","locations":[{"start":{"line":51,"column":6},"end":{"line":51,"column":6}},{"start":{"line":51,"column":6},"end":{"line":51,"column":6}}]},"5":{"line":65,"type":"if","locations":[{"start":{"line":65,"column":2},"end":{"line":65,"column":2}},{"start":{"line":65,"column":2},"end":{"line":65,"column":2}}]},"6":{"line":68,"type":"if","locations":[{"start":{"line":68,"column":2},"end":{"line":68,"column":2}},{"start":{"line":68,"column":2},"end":{"line":68,"column":2}}]},"7":{"line":82,"type":"if","locations":[{"start":{"line":82,"column":0},"end":{"line":82,"column":0}},{"start":{"line":82,"column":0},"end":{"line":82,"column":0}}]},"8":{"line":89,"type":"if","locations":[{"start":{"line":89,"column":8},"end":{"line":89,"column":8}},{"start":{"line":89,"column":8},"end":{"line":89,"column":8}}]}},"code":["//#!/usr/bin/env node","","var hexy = require(\"../hexy.js\"),","    fs   = require(\"fs\")","","function usage (mes) {","  console.log(mes)","  console.log(\"usage bla bal bal\");","  console.log(\"--width     [(16)]              how many bytes per line\")","  console.log(\"--numbering [(hex_bytes)|none]  prefix current byte count\")","  console.log(\"--format    [(fours)|twos|none] how many nibbles per group\")","  console.log(\"--caps      [(lower)|upper]     case of hex chars\")","  console.log(\"--annotate  [(ascii)|none]      provide ascii annotation\")","  console.log(\"--prefix    [(\\\"\\\")|<prefix>]     printed in front of each line\")","  console.log(\"--indent    [(0)|<num>]         number of spaces to indent output\")","  console.log(\"parameter in (parens) are default\")","  process.exit(1)","}","","function existsFatal(fn) {","  try {","    var stat = fs.statSync(fn)","    if (stat.isFile()) {","      return;","    } ","  } catch (e) {}","  usage(\"not a file: \"+fn)","}","function handleArgs () {","  var format = {}, ","      ARGS = [","      \"--width\",","      \"--numbering\",","      \"--format\",","      \"--caps\",","      \"--annotate\",","      \"--prefix\",","      \"--indent\",","      ]","","  var args = process.argv,","      last = -1","","  for (var i=2; i<args.length; ++i) {","    var arg = args[i]","    if (\"--help\" === arg) {","      usage()","    }","    if ( -1 === ARGS.indexOf(arg) ) {","      // not a valid flag","      if (args.length-1 === i) {","        //last arg, could be filename","        existsFatal(arg)","        format.filename = arg","        break;","      } else {","        usage()","      }","    }","    arg = arg.substr(2, arg.length)","    format[arg] = args[++i] ","    ","  }","","  if (format.width) {","    format.width = parseInt(format.width, 10)","  }","  if (format.indent) {","    format.indent = parseInt(format.indent, 10)","  }","  return format","}","","/************************************************************************"," * MAIN ***************************************************************** ","************************************************************************/","","var format = handleArgs(),","    buffer = null,","    str    = null","","if (format.filename) {","  buffer = fs.readFileSync(format.filename)","  console.log(hexy.hexy(buffer, format))","} else {","  var stdin = process.openStdin()","      stdin.on(\"data\", function(data) {","        var offset = 0","        if (buffer) {","          offset = buffer.length","          buffer_ = new Buffer(buffer.length + data.length)","          buffer.copy(buffer_,0,0)","          buffer = buffer_","          data.copy(buffer, offset, data.length)","        } else {","          buffer = data ","        }","      })","","      stdin.on(\"end\", function(){","        console.log(hexy.hexy(buffer, format))","      }) ","}","","",""],"l":{"3":1,"6":1,"7":0,"8":0,"9":0,"10":0,"11":0,"12":0,"13":0,"14":0,"15":0,"16":0,"17":0,"20":1,"21":0,"22":0,"23":0,"24":0,"27":0,"29":1,"30":1,"41":1,"44":1,"45":0,"46":0,"47":0,"49":0,"51":0,"53":0,"54":0,"55":0,"57":0,"60":0,"61":0,"65":1,"66":0,"68":1,"69":0,"71":1,"78":1,"82":1,"83":0,"84":0,"86":1,"87":1,"88":0,"89":0,"90":0,"91":0,"92":0,"93":0,"94":0,"96":0,"100":1,"101":0}}}